{"name": "Проверка запроса на создание заказа неавторизованым пользователем", "status": "failed", "statusDetails": {"message": "AssertionError: assert 200 == 400\n +  where 200 = <Response [200]>.status_code", "trace": "self = <test_create_order.TestCreateOrder object at 0x1117fbd60>\n\n    @allure.title('Проверка запроса на создание заказа неавторизованым пользователем')\n    @allure.description(\"Проверка создание запроса неавторизованным пользователем, проверка кода и тела ответа\")\n    def test_cannot_create_order_by_unauthorized_user(self):\n        create_order_response = StellarburgersApi.create_order(data.order_body)\n    \n>       assert create_order_response.status_code == 400  # статус 200 - баг\nE       assert 200 == 400\nE        +  where 200 = <Response [200]>.status_code\n\ntests/test_create_order.py:21: AssertionError"}, "description": "Проверка создание запроса неавторизованным пользователем, проверка кода и тела ответа", "steps": [{"name": "Отправка запроса на создание заказа", "status": "passed", "parameters": [{"name": "body", "value": "{'ingredients': ['61c0c5a71d1f82001bdaaa6c', '61c0c5a71d1f82001bdaaa75', '61c0c5a71d1f82001bdaaa70']}"}], "start": 1718396858942, "stop": 1718396859286}], "start": 1718396858942, "stop": 1718396859286, "uuid": "2fa5ed88-709c-4fb0-8485-7fb1f077786b", "historyId": "447d61fcc750fdf60322e70bac702863", "testCaseId": "447d61fcc750fdf60322e70bac702863", "fullName": "tests.test_create_order.TestCreateOrder#test_cannot_create_order_by_unauthorized_user", "labels": [{"name": "parentSuite", "value": "tests"}, {"name": "suite", "value": "test_create_order"}, {"name": "subSuite", "value": "TestCreateOrder"}, {"name": "host", "value": "MacBook-Pro-Ivan-4.local"}, {"name": "thread", "value": "15470-MainThread"}, {"name": "framework", "value": "pytest"}, {"name": "language", "value": "cpython3"}, {"name": "package", "value": "tests.test_create_order"}]}